# JRE version: OpenJDK Runtime Environment (8.0_152-b06) (build 1.8.0_152-release-1136-b06)
# Java VM: OpenJDK 64-Bit Server VM (25.152-b06 mixed mode windows-amd64 compressed oops)
Heap:
 PSYoungGen      total 399872K, used 129419K [0x00000000e0000000, 0x00000000ff480000, 0x0000000100000000)
  eden space 290304K, 24% used [0x00000000e0000000,0x00000000e4641b50,0x00000000f1b80000)
  from space 109568K, 52% used [0x00000000f8900000,0x00000000fc121418,0x00000000ff400000)
  to   space 111104K, 22% used [0x00000000f1b80000,0x00000000f33afaa8,0x00000000f8800000)
 ParOldGen       total 239104K, used 53259K [0x00000000a0000000, 0x00000000ae980000, 0x00000000e0000000)
  object space 239104K, 22% used [0x00000000a0000000,0x00000000a3402e38,0x00000000ae980000)
 Metaspace       used 77637K, capacity 80806K, committed 82688K, reserved 1122304K
  class space    used 8389K, capacity 9306K, committed 9728K, reserved 1048576K
GC Heap History (10 events):
Event: 26134.268 GC heap after
Heap after GC invocations=167 (full 12):
 PSYoungGen      total 374272K, used 9567K [0x00000000e0000000, 0x00000000ff480000, 0x0000000100000000)
  eden space 248832K, 0% used [0x00000000e0000000,0x00000000e0000000,0x00000000ef300000)
  from space 125440K, 7% used [0x00000000ef300000,0x00000000efc57c00,0x00000000f6d80000)
  to   space 120320K, 0% used [0x00000000f7f00000,0x00000000f7f00000,0x00000000ff480000)
 ParOldGen       total 236544K, used 205184K [0x00000000a0000000, 0x00000000ae700000, 0x00000000e0000000)
  object space 236544K, 86% used [0x00000000a0000000,0x00000000ac860238,0x00000000ae700000)
 Metaspace       used 78305K, capacity 81742K, committed 82688K, reserved 1122304K
  class space    used 8492K, capacity 9490K, committed 9728K, reserved 1048576K
}
Event: 26134.268 GC heap before
{Heap before GC invocations=168 (full 13):
 PSYoungGen      total 374272K, used 9567K [0x00000000e0000000, 0x00000000ff480000, 0x0000000100000000)
  eden space 248832K, 0% used [0x00000000e0000000,0x00000000e0000000,0x00000000ef300000)
  from space 125440K, 7% used [0x00000000ef300000,0x00000000efc57c00,0x00000000f6d80000)
  to   space 120320K, 0% used [0x00000000f7f00000,0x00000000f7f00000,0x00000000ff480000)
 ParOldGen       total 236544K, used 205184K [0x00000000a0000000, 0x00000000ae700000, 0x00000000e0000000)
  object space 236544K, 86% used [0x00000000a0000000,0x00000000ac860238,0x00000000ae700000)
 Metaspace       used 78305K, capacity 81742K, committed 82688K, reserved 1122304K
  class space    used 8492K, capacity 9490K, committed 9728K, reserved 1048576K
Event: 26134.417 GC heap after
Heap after GC invocations=168 (full 13):
 PSYoungGen      total 374272K, used 0K [0x00000000e0000000, 0x00000000ff480000, 0x0000000100000000)
  eden space 248832K, 0% used [0x00000000e0000000,0x00000000e0000000,0x00000000ef300000)
  from space 125440K, 0% used [0x00000000ef300000,0x00000000ef300000,0x00000000f6d80000)
  to   space 120320K, 0% used [0x00000000f7f00000,0x00000000f7f00000,0x00000000ff480000)
 ParOldGen       total 239104K, used 53251K [0x00000000a0000000, 0x00000000ae980000, 0x00000000e0000000)
  object space 239104K, 22% used [0x00000000a0000000,0x00000000a3400e38,0x00000000ae980000)
 Metaspace       used 76336K, capacity 79294K, committed 82688K, reserved 1122304K
  class space    used 8220K, capacity 9058K, committed 9728K, reserved 1048576K
}
Event: 26221.579 GC heap before
{Heap before GC invocations=169 (full 13):
 PSYoungGen      total 374272K, used 248832K [0x00000000e0000000, 0x00000000ff480000, 0x0000000100000000)
  eden space 248832K, 100% used [0x00000000e0000000,0x00000000ef300000,0x00000000ef300000)
  from space 125440K, 0% used [0x00000000ef300000,0x00000000ef300000,0x00000000f6d80000)
  to   space 120320K, 0% used [0x00000000f7f00000,0x00000000f7f00000,0x00000000ff480000)
 ParOldGen       total 239104K, used 53251K [0x00000000a0000000, 0x00000000ae980000, 0x00000000e0000000)
  object space 239104K, 22% used [0x00000000a0000000,0x00000000a3400e38,0x00000000ae980000)
 Metaspace       used 76843K, capacity 79830K, committed 82688K, reserved 1122304K
  class space    used 8286K, capacity 9130K, committed 9728K, reserved 1048576K
Event: 26221.608 GC heap after
Heap after GC invocations=169 (full 13):
 PSYoungGen      total 375808K, used 32901K [0x00000000e0000000, 0x00000000fe480000, 0x0000000100000000)
  eden space 271872K, 0% used [0x00000000e0000000,0x00000000e0000000,0x00000000f0980000)
  from space 103936K, 31% used [0x00000000f7f00000,0x00000000f9f216f0,0x00000000fe480000)
  to   space 112128K, 0% used [0x00000000f0980000,0x00000000f0980000,0x00000000f7700000)
 ParOldGen       total 239104K, used 53251K [0x00000000a0000000, 0x00000000ae980000, 0x00000000e0000000)
  object space 239104K, 22% used [0x00000000a0000000,0x00000000a3400e38,0x00000000ae980000)
 Metaspace       used 76843K, capacity 79830K, committed 82688K, reserved 1122304K
  class space    used 8286K, capacity 9130K, committed 9728K, reserved 1048576K
}
Event: 26387.183 GC heap before
{Heap before GC invocations=170 (full 13):
 PSYoungGen      total 375808K, used 304773K [0x00000000e0000000, 0x00000000fe480000, 0x0000000100000000)
  eden space 271872K, 100% used [0x00000000e0000000,0x00000000f0980000,0x00000000f0980000)
  from space 103936K, 31% used [0x00000000f7f00000,0x00000000f9f216f0,0x00000000fe480000)
  to   space 112128K, 0% used [0x00000000f0980000,0x00000000f0980000,0x00000000f7700000)
 ParOldGen       total 239104K, used 53251K [0x00000000a0000000, 0x00000000ae980000, 0x00000000e0000000)
  object space 239104K, 22% used [0x00000000a0000000,0x00000000a3400e38,0x00000000ae980000)
 Metaspace       used 77209K, capacity 80302K, committed 82688K, reserved 1122304K
  class space    used 8331K, capacity 9202K, committed 9728K, reserved 1048576K
Event: 26387.221 GC heap after
Heap after GC invocations=170 (full 13):
 PSYoungGen      total 384000K, used 46647K [0x00000000e0000000, 0x00000000ff400000, 0x0000000100000000)
  eden space 271872K, 0% used [0x00000000e0000000,0x00000000e0000000,0x00000000f0980000)
  from space 112128K, 41% used [0x00000000f0980000,0x00000000f370dfd0,0x00000000f7700000)
  to   space 109568K, 0% used [0x00000000f8900000,0x00000000f8900000,0x00000000ff400000)
 ParOldGen       total 239104K, used 53251K [0x00000000a0000000, 0x00000000ae980000, 0x00000000e0000000)
  object space 239104K, 22% used [0x00000000a0000000,0x00000000a3400e38,0x00000000ae980000)
 Metaspace       used 77209K, capacity 80302K, committed 82688K, reserved 1122304K
  class space    used 8331K, capacity 9202K, committed 9728K, reserved 1048576K
}
Event: 26443.454 GC heap before
{Heap before GC invocations=171 (full 13):
 PSYoungGen      total 384000K, used 318519K [0x00000000e0000000, 0x00000000ff400000, 0x0000000100000000)
  eden space 271872K, 100% used [0x00000000e0000000,0x00000000f0980000,0x00000000f0980000)
  from space 112128K, 41% used [0x00000000f0980000,0x00000000f370dfd0,0x00000000f7700000)
  to   space 109568K, 0% used [0x00000000f8900000,0x00000000f8900000,0x00000000ff400000)
 ParOldGen       total 239104K, used 53251K [0x00000000a0000000, 0x00000000ae980000, 0x00000000e0000000)
  object space 239104K, 22% used [0x00000000a0000000,0x00000000a3400e38,0x00000000ae980000)
 Metaspace       used 77559K, capacity 80710K, committed 82688K, reserved 1122304K
  class space    used 8376K, capacity 9274K, committed 9728K, reserved 1048576K
Event: 26443.513 GC heap after
Heap after GC invocations=171 (full 13):
 PSYoungGen      total 399872K, used 57477K [0x00000000e0000000, 0x00000000ff480000, 0x0000000100000000)
  eden space 290304K, 0% used [0x00000000e0000000,0x00000000e0000000,0x00000000f1b80000)
  from space 109568K, 52% used [0x00000000f8900000,0x00000000fc121418,0x00000000ff400000)
  to   space 111104K, 0% used [0x00000000f1b80000,0x00000000f1b80000,0x00000000f8800000)
 ParOldGen       total 239104K, used 53251K [0x00000000a0000000, 0x00000000ae980000, 0x00000000e0000000)
  object space 239104K, 22% used [0x00000000a0000000,0x00000000a3400e38,0x00000000ae980000)
 Metaspace       used 77559K, capacity 80710K, committed 82688K, reserved 1122304K
  class space    used 8376K, capacity 9274K, committed 9728K, reserved 1048576K
}
Event: 31461.241 GC heap before
{Heap before GC invocations=172 (full 13):
 PSYoungGen      total 399872K, used 129419K [0x00000000e0000000, 0x00000000ff480000, 0x0000000100000000)
  eden space 290304K, 24% used [0x00000000e0000000,0x00000000e4641b50,0x00000000f1b80000)
  from space 109568K, 52% used [0x00000000f8900000,0x00000000fc121418,0x00000000ff400000)
  to   space 111104K, 0% used [0x00000000f1b80000,0x00000000f1b80000,0x00000000f8800000)
 ParOldGen       total 239104K, used 53251K [0x00000000a0000000, 0x00000000ae980000, 0x00000000e0000000)
  object space 239104K, 22% used [0x00000000a0000000,0x00000000a3400e38,0x00000000ae980000)
 Metaspace       used 77637K, capacity 80806K, committed 82688K, reserved 1122304K
  class space    used 8389K, capacity 9306K, committed 9728K, reserved 1048576K

